<?xml version="1.0" encoding="UTF-8"?>
<!-- Generated by org.testng.reporters.JUnitXMLReporter -->
<testsuite ignored="2" hostname="DESKTOP-AJ" failures="0" tests="2" name="IncludeExclude" time="0.072" errors="0" timestamp="2022-03-22T08:02:14 IST">
  <testcase classname="TestNG.IncludeExcludeTest" name="a" time="0.01"/>
  <testcase classname="TestNG.IncludeExcludeTest" name="b" time="0.001"/>
  <testcase classname="TestNG.IncludeExcludeTest" name="d" time="0.0">
    <ignored/>
  </testcase> <!-- d -->
  <testcase classname="TestNG.IncludeExcludeTest" name="c" time="0.0">
    <ignored/>
  </testcase> <!-- c -->
</testsuite> <!-- IncludeExclude -->
