<?xml version="1.0" encoding="UTF-8"?>
<!-- Generated by org.testng.reporters.JUnitXMLReporter -->
<testsuite ignored="0" hostname="DESKTOP-AJ" failures="2" tests="8" name="Test" time="0.16" errors="0" timestamp="2022-04-02T01:11:10 IST">
  <testcase classname="listener.Testing2" name="R" time="0.019">
    <failure type="java.lang.AssertionError" message="null">
      <![CDATA[java.lang.AssertionError: null
at listener.Testing2.R(Testing2.java:24)
at java.base/java.util.ArrayList.forEach(ArrayList.java:1541)
... Removed 29 stack frames]]>
    </failure>
  </testcase> <!-- R -->
  <testcase classname="listener.Testing2" name="P" time="0.0"/>
  <testcase classname="listener.Testing2" name="Q" time="0.0"/>
  <testcase classname="listener.Testing2" name="S" time="0.0">
    <skipped/>
  </testcase> <!-- S -->
  <testcase classname="listener.Testing1" name="TC2" time="0.0"/>
  <testcase classname="listener.Testing1" name="TC3" time="0.015">
    <failure type="java.lang.AssertionError" message="null">
      <![CDATA[java.lang.AssertionError: null
at listener.Testing1.TC3(Testing1.java:23)
at java.base/java.util.ArrayList.forEach(ArrayList.java:1541)
... Removed 29 stack frames]]>
    </failure>
  </testcase> <!-- TC3 -->
  <testcase classname="listener.Testing1" name="Tc1" time="0.0"/>
  <testcase classname="listener.Testing1" name="TC4" time="0.0">
    <skipped/>
  </testcase> <!-- TC4 -->
</testsuite> <!-- Test -->
