<?xml version="1.0" encoding="UTF-8"?>
<!-- Generated by org.testng.reporters.JUnitXMLReporter -->
<testsuite ignored="5" hostname="DESKTOP-AJ" failures="0" tests="1" name="Default test(failed)(failed)(failed)" time="0.185" errors="0" timestamp="2022-03-23T08:53:47 IST">
  <testcase classname="FailedXML_Test.Failed_Test" name="Test3" time="0.127"/>
  <testcase classname="FailedXML_Test.Failed_Test" name="Test1" time="0.0">
    <ignored/>
  </testcase> <!-- Test1 -->
  <testcase classname="FailedXML_Test.Failed_Test" name="Test4" time="0.0">
    <ignored/>
  </testcase> <!-- Test4 -->
  <testcase classname="FailedXML_Test.Failed_Test" name="Test2" time="0.0">
    <ignored/>
  </testcase> <!-- Test2 -->
  <testcase classname="FailedXML_Test.Failed_Test" name="Test5" time="0.0">
    <ignored/>
  </testcase> <!-- Test5 -->
  <testcase classname="FailedXML_Test.Failed_Test" name="Test6" time="0.0">
    <ignored/>
  </testcase> <!-- Test6 -->
</testsuite> <!-- Default test(failed)(failed)(failed) -->
